%% Files Analysed:
%%    ../Layout/Database/Data_Molecule_1.mat
%%    ../Layout/Database/Data_Driver.mat
%%    ../Layout/Database/Fake_Phases.mat
%%    ../Layout/Database/Values_Driver.mat


%%    Configuration of data output: 
%%    ID - Vin - Q1 ... QN: 

% TIME 1

% DOT1   -   DOT2   -   DOT3   -   DOT4
driver(:,:,1) = [+3.000000e-03   +9.270000e-01   -2.120000e-01   -7.170000e-01
+9.290000e-01   +0   -2.120000e-01   -7.170000e-01
];

% MOL   -   VOUT   -   DOT1   -   DOT2   -   DOT3   -   DOT4
conf(:,:,1) = [ 1      -0.03773   +0.52104   +0.41694  -0.22000   -0.71800
 2      -0.87219   +0.92398   +0.00302  -0.21000   -0.71700
 3      +0.32374   +0.27287   +0.66348  -0.21835   -0.71800
 4      -1.02623   +0.92676   +0.00208  -0.21184   -0.71700
 5      +0.36331   +0.24559   +0.69010  -0.21787   -0.71800
 6      -1.04628   +0.92706   +0.00188  -0.21194   -0.71700
 7      +1.06747   +0.09365   +0.83162  -0.20913   -0.71700
 8      -0.81863   +0.92331   +0.00335  -0.20965   -0.71700
 9      +1.10827   +0.09308   +0.83256  -0.20939   -0.71700
 10      -0.82034   +0.92333   +0.00334  -0.20966   -0.71700
 11      +1.13630   +0.07689   +0.84956  -0.20987   -0.71700
 12      -0.79352   +0.92300   +0.00350  -0.20950   -0.71700
 13      +1.31907   +0.00300   +0.92700  -0.21200   -0.71700
 14      -1.39241   +0.92814   +0.00086  -0.21200   -0.71700
 15      +0.89218   +0.00540   +0.92099  -0.20940   -0.71700
 16      -0.98433   +0.92600   +0.00233  -0.21133   -0.71700
 17      +1.06900   +0.09460   +0.83064  -0.20912   -0.71700
 18      -0.86629   +0.92389   +0.00306  -0.20994   -0.71700
 19      +1.01511   +0.06103   +0.86487  -0.20945   -0.71700
 20      -0.44286   +0.80029   +0.13199  -0.21528   -0.71700
 21      +1.02985   +0.07021   +0.85551  -0.20936   -0.71700
 22      -0.35246   +0.73403   +0.20038  -0.21741   -0.71741
 23      +1.02924   +0.06983   +0.85590  -0.20936   -0.71700
 24      -0.36271   +0.74101   +0.19328  -0.21729   -0.71729
 25      +0.93027   +0.01303   +0.91367  -0.20978   -0.71700
 26      -0.03627   +0.52006   +0.41792  -0.22000   -0.71800
];
