%% Files Analysed:
%%    ../Layout/Database/Data_Molecule.mat
%%    ../Layout/Database/Data_Driver.mat
%%    ../Layout/Database/Data_Output.mat
%%    ../Layout/Database/Fake_Phases.mat
%%    ../Layout/Database/Values_Driver.mat


%%    Configuration of data output: 
%%    ID - Vin - Q1 ... QN: 

% TIME 1

% DOT1   -   DOT2   -   DOT3   -   DOT4
driver(:,:,1) = [+9.290000e-01   +0   -2.120000e-01   -7.170000e-01
+3.000000e-03   +9.270000e-01   -2.120000e-01   -7.170000e-01
];

% MOL   -   VOUT   -   DOT1   -   DOT2   -   DOT3   -   DOT4
conf(:,:,1) = [ 1      -0.81994   +0.92332   +0.00334  -0.20966   -0.71700
 2      +0.85317   +0.00588   +0.91980  -0.20868   -0.71700
 3      -0.83265   +0.92348   +0.00326  -0.20974   -0.71700
 4      +0.84825   +0.00594   +0.91965  -0.20859   -0.71700
 5      -0.83261   +0.92348   +0.00326  -0.20974   -0.71700
 6      +0.85927   +0.00581   +0.91999  -0.20879   -0.71700
 7      -0.69821   +0.91862   +0.00763  -0.20925   -0.71700
 8      +0.42129   +0.20618   +0.72820  -0.21719   -0.71800
 9      -0.20726   +0.02984   +0.02399  +0.14100   -0.19400
 10      -0.02748   +0.02764   +0.02536  +0.14100   -0.19400
 11      -0.00573   +0.02737   +0.02563  +0.14100   -0.19400
 12      -0.00083   +0.02731   +0.02569  +0.14100   -0.19400
 13      +0.00074   +0.02729   +0.02571  +0.14100   -0.19400
 14      +0.00137   +0.02729   +0.02571  +0.14100   -0.19400
 15      +0.00165   +0.02728   +0.02572  +0.14100   -0.19400
 16      +0.00179   +0.02728   +0.02572  +0.14100   -0.19400
 17      +0.00187   +0.02728   +0.02572  +0.14100   -0.19400
 18      +0.00191   +0.02728   +0.02572  +0.14100   -0.19400
 19      +0.00193   +0.02728   +0.02572  +0.14100   -0.19400
 20      +0.00194   +0.02728   +0.02572  +0.14100   -0.19400
 21      +0.00194   +0.02728   +0.02572  +0.14100   -0.19400
 22      +0.00191   +0.02728   +0.02572  +0.14100   -0.19400
 23      +0.00178   +0.02728   +0.02572  +0.14100   -0.19400
 24      +0.00100   +0.02729   +0.02571  +0.14100   -0.19400
];

% TIME 2

% DOT1   -   DOT2   -   DOT3   -   DOT4
driver(:,:,2) = [+9.290000e-01   +0   -2.120000e-01   -7.170000e-01
+3.000000e-03   +9.270000e-01   -2.120000e-01   -7.170000e-01
];

% MOL   -   VOUT   -   DOT1   -   DOT2   -   DOT3   -   DOT4
conf(:,:,2) = [ 1      -0.81998   +0.92332   +0.00334  -0.20966   -0.71700
 2      +0.85305   +0.00588   +0.91980  -0.20868   -0.71700
 3      -0.83295   +0.92348   +0.00326  -0.20974   -0.71700
 4      +0.84734   +0.00595   +0.91962  -0.20857   -0.71700
 5      -0.83555   +0.92351   +0.00324  -0.20976   -0.71700
 6      +0.84594   +0.00597   +0.91958  -0.20855   -0.71700
 7      -0.83632   +0.92352   +0.00324  -0.20976   -0.71700
 8      +0.84547   +0.00597   +0.91957  -0.20854   -0.71700
 9      -0.83659   +0.92353   +0.00324  -0.20976   -0.71700
 10      +0.84536   +0.00598   +0.91956  -0.20854   -0.71700
 11      -0.83647   +0.92352   +0.00324  -0.20976   -0.71700
 12      +0.84606   +0.00597   +0.91958  -0.20855   -0.71700
 13      -0.83388   +0.92349   +0.00325  -0.20975   -0.71700
 14      +0.85854   +0.00581   +0.91996  -0.20878   -0.71700
 15      -0.69857   +0.91871   +0.00753  -0.20924   -0.71700
 16      +0.42097   +0.20640   +0.72799  -0.21720   -0.71800
 17      -0.20732   +0.02984   +0.02399  +0.14100   -0.19400
 18      -0.02767   +0.02764   +0.02536  +0.14100   -0.19400
 19      -0.00590   +0.02738   +0.02562  +0.14100   -0.19400
 20      -0.00097   +0.02732   +0.02568  +0.14100   -0.19400
 21      +0.00061   +0.02730   +0.02570  +0.14100   -0.19400
 22      +0.00121   +0.02729   +0.02571  +0.14100   -0.19400
 23      +0.00138   +0.02729   +0.02571  +0.14100   -0.19400
 24      +0.00075   +0.02729   +0.02571  +0.14100   -0.19400
];

% TIME 3

% DOT1   -   DOT2   -   DOT3   -   DOT4
driver(:,:,3) = [+9.290000e-01   +0   -2.120000e-01   -7.170000e-01
+3.000000e-03   +9.270000e-01   -2.120000e-01   -7.170000e-01
];

% MOL   -   VOUT   -   DOT1   -   DOT2   -   DOT3   -   DOT4
conf(:,:,3) = [ 1      -0.81997   +0.92332   +0.00334  -0.20966   -0.71700
 2      +0.85306   +0.00588   +0.91980  -0.20868   -0.71700
 3      -0.83295   +0.92348   +0.00326  -0.20974   -0.71700
 4      +0.84735   +0.00595   +0.91962  -0.20857   -0.71700
 5      -0.83554   +0.92351   +0.00324  -0.20976   -0.71700
 6      +0.84595   +0.00597   +0.91958  -0.20855   -0.71700
 7      -0.83632   +0.92352   +0.00324  -0.20976   -0.71700
 8      +0.84546   +0.00597   +0.91956  -0.20854   -0.71700
 9      -0.83663   +0.92353   +0.00324  -0.20976   -0.71700
 10      +0.84524   +0.00598   +0.91956  -0.20853   -0.71700
 11      -0.83678   +0.92353   +0.00324  -0.20976   -0.71700
 12      +0.84514   +0.00598   +0.91956  -0.20853   -0.71700
 13      -0.83686   +0.92353   +0.00324  -0.20976   -0.71700
 14      +0.84508   +0.00598   +0.91955  -0.20853   -0.71700
 15      -0.83690   +0.92353   +0.00324  -0.20976   -0.71700
 16      +0.84506   +0.00598   +0.91955  -0.20853   -0.71700
 17      -0.83689   +0.92353   +0.00324  -0.20976   -0.71700
 18      +0.84513   +0.00598   +0.91955  -0.20853   -0.71700
 19      -0.83664   +0.92353   +0.00324  -0.20976   -0.71700
 20      +0.84591   +0.00597   +0.91958  -0.20855   -0.71700
 21      -0.83402   +0.92349   +0.00325  -0.20975   -0.71700
 22      +0.85818   +0.00582   +0.91995  -0.20877   -0.71700
 23      -0.69643   +0.91817   +0.00811  -0.20928   -0.71700
 24      +0.41694   +0.20914   +0.72535  -0.21724   -0.71800
];
