%% Files Analysed:
%%    ../Layout/Database/Data_Molecule.mat
%%    ../Layout/Database/Data_Driver.mat
%%    ../Layout/Database/Data_Output.mat
%%    ../Layout/Database/Fake_Phases.mat
%%    ../Layout/Database/Values_Driver.mat


%%    Configuration of data output: 
%%    ID - Vin - Q1 ... QN: 

% TIME 1

% DOT1   -   DOT2   -   DOT3   -   DOT4
driver(:,:,1) = [+3.000000e-03   +9.270000e-01   -2.120000e-01   -7.170000e-01
+9.290000e-01   +0   -2.120000e-01   -7.170000e-01
];

% MOL   -   VOUT   -   DOT1   -   DOT2   -   DOT3   -   DOT4
conf(:,:,1) = [ 1      +0.82617   +0.00621   +0.91898  -0.20819   -0.71700
 2      -0.84553   +0.92363   +0.00318  -0.20982   -0.71700
 3      +0.84026   +0.00604   +0.91941  -0.20844   -0.71700
 4      -0.83921   +0.92356   +0.00322  -0.20978   -0.71700
 5      +0.84957   +0.00592   +0.91969  -0.20861   -0.71700
 6      -0.75963   +0.92259   +0.00371  -0.20929   -0.71700
 7      +0.42507   +0.03898   +0.67276  -0.08149   -0.63024
 8      -0.26723   +0.03057   +0.02343  +0.14100   -0.19400
 9      -0.03864   +0.02778   +0.02522  +0.14100   -0.19400
 10      -0.00963   +0.02742   +0.02558  +0.14100   -0.19400
 11      -0.00271   +0.02734   +0.02566  +0.14100   -0.19400
 12      -0.00035   +0.02731   +0.02569  +0.14100   -0.19400
 13      +0.00065   +0.02730   +0.02570  +0.14100   -0.19400
 14      +0.00115   +0.02729   +0.02571  +0.14100   -0.19400
 15      +0.00142   +0.02729   +0.02571  +0.14100   -0.19400
 16      +0.00158   +0.02728   +0.02572  +0.14100   -0.19400
 17      +0.00169   +0.02728   +0.02572  +0.14100   -0.19400
 18      +0.00175   +0.02728   +0.02572  +0.14100   -0.19400
 19      +0.00180   +0.02728   +0.02572  +0.14100   -0.19400
 20      +0.00183   +0.02728   +0.02572  +0.14100   -0.19400
 21      +0.00184   +0.02728   +0.02572  +0.14100   -0.19400
 22      +0.00182   +0.02728   +0.02572  +0.14100   -0.19400
 23      +0.00171   +0.02728   +0.02572  +0.14100   -0.19400
 24      +0.00093   +0.02729   +0.02571  +0.14100   -0.19400
];

% TIME 2

% DOT1   -   DOT2   -   DOT3   -   DOT4
driver(:,:,2) = [+3.000000e-03   +9.270000e-01   -2.120000e-01   -7.170000e-01
+9.290000e-01   +0   -2.120000e-01   -7.170000e-01
];

% MOL   -   VOUT   -   DOT1   -   DOT2   -   DOT3   -   DOT4
conf(:,:,2) = [ 1      +0.82653   +0.00621   +0.91899  -0.20819   -0.71700
 2      -0.84508   +0.92363   +0.00319  -0.20981   -0.71700
 3      +0.84075   +0.00603   +0.91942  -0.20845   -0.71700
 4      -0.83930   +0.92356   +0.00322  -0.20978   -0.71700
 5      +0.84354   +0.00600   +0.91951  -0.20850   -0.71700
 6      -0.83785   +0.92354   +0.00323  -0.20977   -0.71700
 7      +0.84442   +0.00599   +0.91953  -0.20852   -0.71700
 8      -0.83728   +0.92353   +0.00323  -0.20977   -0.71700
 9      +0.84487   +0.00598   +0.91955  -0.20853   -0.71700
 10      -0.83690   +0.92353   +0.00324  -0.20976   -0.71700
 11      +0.84526   +0.00598   +0.91956  -0.20854   -0.71700
 12      -0.83652   +0.92352   +0.00324  -0.20976   -0.71700
 13      +0.84520   +0.00598   +0.91956  -0.20853   -0.71700
 14      -0.84075   +0.92358   +0.00321  -0.20979   -0.71700
 15      +0.77322   +0.00729   +0.91714  -0.20743   -0.71700
 16      -0.41885   +0.68406   +0.03022  -0.08419   -0.63008
 17      +0.28000   +0.02483   +0.02912  +0.14005   -0.19400
 18      +0.04381   +0.02677   +0.02623  +0.14100   -0.19400
 19      +0.01381   +0.02714   +0.02586  +0.14100   -0.19400
 20      +0.00665   +0.02722   +0.02578  +0.14100   -0.19400
 21      +0.00421   +0.02725   +0.02575  +0.14100   -0.19400
 22      +0.00315   +0.02727   +0.02573  +0.14100   -0.19400
 23      +0.00253   +0.02727   +0.02573  +0.14100   -0.19400
 24      +0.00147   +0.02729   +0.02571  +0.14100   -0.19400
];

% TIME 3

% DOT1   -   DOT2   -   DOT3   -   DOT4
driver(:,:,3) = [+3.000000e-03   +9.270000e-01   -2.120000e-01   -7.170000e-01
+9.290000e-01   +0   -2.120000e-01   -7.170000e-01
];

% MOL   -   VOUT   -   DOT1   -   DOT2   -   DOT3   -   DOT4
conf(:,:,3) = [ 1      +0.82650   +0.00621   +0.91899  -0.20819   -0.71700
 2      -0.84511   +0.92363   +0.00319  -0.20981   -0.71700
 3      +0.84070   +0.00603   +0.91942  -0.20845   -0.71700
 4      -0.83936   +0.92356   +0.00322  -0.20978   -0.71700
 5      +0.84347   +0.00600   +0.91950  -0.20850   -0.71700
 6      -0.83795   +0.92354   +0.00323  -0.20977   -0.71700
 7      +0.84430   +0.00599   +0.91953  -0.20852   -0.71700
 8      -0.83745   +0.92354   +0.00323  -0.20977   -0.71700
 9      +0.84463   +0.00598   +0.91954  -0.20852   -0.71700
 10      -0.83722   +0.92353   +0.00323  -0.20977   -0.71700
 11      +0.84480   +0.00598   +0.91954  -0.20853   -0.71700
 12      -0.83710   +0.92353   +0.00323  -0.20977   -0.71700
 13      +0.84490   +0.00598   +0.91955  -0.20853   -0.71700
 14      -0.83700   +0.92353   +0.00323  -0.20977   -0.71700
 15      +0.84500   +0.00598   +0.91955  -0.20853   -0.71700
 16      -0.83691   +0.92353   +0.00324  -0.20976   -0.71700
 17      +0.84511   +0.00598   +0.91955  -0.20853   -0.71700
 18      -0.83677   +0.92353   +0.00324  -0.20976   -0.71700
 19      +0.84526   +0.00598   +0.91956  -0.20854   -0.71700
 20      -0.83671   +0.92353   +0.00324  -0.20976   -0.71700
 21      +0.84457   +0.00598   +0.91954  -0.20852   -0.71700
 22      -0.84269   +0.92360   +0.00320  -0.20980   -0.71700
 23      +0.75888   +0.00789   +0.91649  -0.20738   -0.71700
 24      -0.41585   +0.77967   +0.15343  -0.21611   -0.71701
];
